<?xml version="1.0" encoding="UTF-8"?>
<!-- Generated by org.testng.reporters.JUnitReportReporter -->
<testsuite hostname="WIN-M9KTK4A9LSE" failures="0" tests="2" name="api.test.XlsxReader" time="0.037" errors="0" timestamp="2024-01-01T20:06:04 IST" skipped="1">
  <testcase classname="api.test.XlsxReader" name="readPropertyFile" time="0.037"/>
  <system-out/>
  <testcase classname="api.test.XlsxReader" name="getdata">
    <skipped/>
  </testcase> <!-- getdata -->
  <system-out/>
</testsuite> <!-- api.test.XlsxReader -->
