<?xml version="1.0" encoding="UTF-8"?>
<!-- Generated by org.testng.reporters.JUnitReportReporter -->
<testsuite hostname="WIN-M9KTK4A9LSE" failures="0" tests="11" name="api.test.Demo" time="0.918" errors="0" timestamp="2024-01-01T01:46:11 IST" skipped="0">
  <testcase classname="api.test.Demo" name="readData" time="0.877"/>
  <system-out/>
  <testcase classname="api.test.Demo" name="realTest" time="0.004"/>
  <system-out/>
  <testcase classname="api.test.Demo" name="realTest" time="0.005"/>
  <system-out/>
  <testcase classname="api.test.Demo" name="realTest" time="0.007"/>
  <system-out/>
  <testcase classname="api.test.Demo" name="realTest" time="0.005"/>
  <system-out/>
  <testcase classname="api.test.Demo" name="realTest" time="0.003"/>
  <system-out/>
  <testcase classname="api.test.Demo" name="realTest" time="0.002"/>
  <system-out/>
  <testcase classname="api.test.Demo" name="realTest" time="0.002"/>
  <system-out/>
  <testcase classname="api.test.Demo" name="realTest" time="0.003"/>
  <system-out/>
  <testcase classname="api.test.Demo" name="realTest" time="0.001"/>
  <system-out/>
  <testcase classname="api.test.Demo" name="realTest" time="0.009"/>
  <system-out/>
</testsuite> <!-- api.test.Demo -->
