<?xml version="1.0" encoding="UTF-8"?>
<!-- Generated by org.testng.reporters.JUnitReportReporter -->
<testsuite hostname="WIN-M9KTK4A9LSE" failures="0" tests="2" name="api.test.UserTest" time="0.020" errors="0" timestamp="2023-12-31T01:16:35 IST" skipped="1">
  <testcase classname="api.test.UserTest" name="testresult" time="0.020"/>
  <system-out/>
  <testcase classname="api.test.UserTest" name="testPostUser">
    <skipped/>
  </testcase> <!-- testPostUser -->
  <system-out/>
</testsuite> <!-- api.test.UserTest -->
